RUNNING ./lab5.sh
----------------------------------------
[INFO] CHECK IF ARRAYS CREATED
[INFO] ARRAYS SEEM CREATED
[INFO] CREATE DIRECTORY FOR MPI BIN FILES mpi_debug
[INFO] COMPILE MPI PROGRAMM lab5_x10.cpp INTO BINARY FILE lab5
*** ------------------------------------------------
*** -------------------- size: 1 -----------------
*** ------------------------------------------------
*** Estimated time is 0.019798
*** ------------------------------------------------
*** ------------------------------------------------
*** -------------------- size: 2 -----------------
*** ------------------------------------------------
*** Estimated time is 0.010277
*** ------------------------------------------------
*** ------------------------------------------------
*** -------------------- size: 3 -----------------
*** ------------------------------------------------
*** Estimated time is 0.007311
*** ------------------------------------------------
*** ------------------------------------------------
*** -------------------- size: 4 -----------------
*** ------------------------------------------------
*** Estimated time is 0.005801
*** ------------------------------------------------
*** ------------------------------------------------
*** -------------------- size: 5 -----------------
*** ------------------------------------------------
*** Estimated time is 0.007087
*** ------------------------------------------------
*** ------------------------------------------------
*** -------------------- size: 6 -----------------
*** ------------------------------------------------
*** Estimated time is 0.007143
*** ------------------------------------------------
*** ------------------------------------------------
*** -------------------- size: 7 -----------------
*** ------------------------------------------------
*** Estimated time is 0.006320
*** ------------------------------------------------
*** ------------------------------------------------
*** -------------------- size: 8 -----------------
*** ------------------------------------------------
*** Estimated time is 0.005269
*** ------------------------------------------------
*** ------------------------------------------------
*** -------------------- size: 9 -----------------
*** ------------------------------------------------
*** Estimated time is 0.004752
*** ------------------------------------------------
*** ------------------------------------------------
*** -------------------- size: 10 -----------------
*** ------------------------------------------------
*** Estimated time is 0.005395
*** ------------------------------------------------
*** ------------------------------------------------
*** -------------------- size: 11 -----------------
*** ------------------------------------------------
*** Estimated time is 0.009148
*** ------------------------------------------------
*** ------------------------------------------------
*** -------------------- size: 12 -----------------
*** ------------------------------------------------
*** Estimated time is 0.011335
*** ------------------------------------------------
