RUNNING ./lab5.sh
----------------------------------------
[INFO] CHECK IF ARRAYS CREATED
[INFO] ARRAYS SEEM CREATED
[INFO] CREATE DIRECTORY FOR MPI BIN FILES mpi_debug
[INFO] COMPILE MPI PROGRAMM lab5_x10.cpp INTO BINARY FILE lab5
*** ------------------------------------------------
*** -------------------- size: 1 -----------------
*** ------------------------------------------------
*** Estimated time is 0.174230
*** ------------------------------------------------
*** ------------------------------------------------
*** -------------------- size: 2 -----------------
*** ------------------------------------------------
*** Estimated time is 0.059853
*** ------------------------------------------------
*** ------------------------------------------------
*** -------------------- size: 3 -----------------
*** ------------------------------------------------
*** Estimated time is 0.048244
*** ------------------------------------------------
*** ------------------------------------------------
*** -------------------- size: 4 -----------------
*** ------------------------------------------------
*** Estimated time is 0.039376
*** ------------------------------------------------
*** ------------------------------------------------
*** -------------------- size: 5 -----------------
*** ------------------------------------------------
*** Estimated time is 0.031689
*** ------------------------------------------------
*** ------------------------------------------------
*** -------------------- size: 6 -----------------
*** ------------------------------------------------
*** Estimated time is 0.038257
*** ------------------------------------------------
*** ------------------------------------------------
*** -------------------- size: 7 -----------------
*** ------------------------------------------------
*** Estimated time is 0.045377
*** ------------------------------------------------
*** ------------------------------------------------
*** -------------------- size: 8 -----------------
*** ------------------------------------------------
*** Estimated time is 0.046331
*** ------------------------------------------------
*** ------------------------------------------------
*** -------------------- size: 9 -----------------
*** ------------------------------------------------
*** Estimated time is 0.055474
*** ------------------------------------------------
*** ------------------------------------------------
*** -------------------- size: 10 -----------------
*** ------------------------------------------------
*** Estimated time is 0.041871
*** ------------------------------------------------
*** ------------------------------------------------
*** -------------------- size: 11 -----------------
*** ------------------------------------------------
*** Estimated time is 0.051879
*** ------------------------------------------------
*** ------------------------------------------------
*** -------------------- size: 12 -----------------
*** ------------------------------------------------
*** Estimated time is 0.066372
*** ------------------------------------------------
