RUNNING ./lab5.sh
----------------------------------------
[INFO] CHECK IF ARRAYS CREATED
[INFO] ARRAYS SEEM CREATED
[INFO] CREATE DIRECTORY FOR MPI BIN FILES mpi_debug
[INFO] COMPILE MPI PROGRAMM lab5_x10.cpp INTO BINARY FILE lab5
*** ------------------------------------------------
*** -------------------- size: 1 -----------------
*** ------------------------------------------------
*** Estimated time is 1.469070
*** ------------------------------------------------
*** ------------------------------------------------
*** -------------------- size: 2 -----------------
*** ------------------------------------------------
*** Estimated time is 0.733159
*** ------------------------------------------------
*** ------------------------------------------------
*** -------------------- size: 3 -----------------
*** ------------------------------------------------
*** Estimated time is 0.549023
*** ------------------------------------------------
*** ------------------------------------------------
*** -------------------- size: 4 -----------------
*** ------------------------------------------------
*** Estimated time is 0.456992
*** ------------------------------------------------
*** ------------------------------------------------
*** -------------------- size: 5 -----------------
*** ------------------------------------------------
*** Estimated time is 0.425331
*** ------------------------------------------------
*** ------------------------------------------------
*** -------------------- size: 6 -----------------
*** ------------------------------------------------
*** Estimated time is 0.374807
*** ------------------------------------------------
*** ------------------------------------------------
*** -------------------- size: 7 -----------------
*** ------------------------------------------------
*** Estimated time is 0.485150
*** ------------------------------------------------
*** ------------------------------------------------
*** -------------------- size: 8 -----------------
*** ------------------------------------------------
*** Estimated time is 0.455726
*** ------------------------------------------------
*** ------------------------------------------------
*** -------------------- size: 9 -----------------
*** ------------------------------------------------
*** Estimated time is 0.550730
*** ------------------------------------------------
*** ------------------------------------------------
*** -------------------- size: 10 -----------------
*** ------------------------------------------------
*** Estimated time is 0.723999
*** ------------------------------------------------
*** ------------------------------------------------
*** -------------------- size: 11 -----------------
*** ------------------------------------------------
*** Estimated time is 0.626771
*** ------------------------------------------------
*** ------------------------------------------------
*** -------------------- size: 12 -----------------
*** ------------------------------------------------
*** Estimated time is 0.748956
*** ------------------------------------------------
